{"/Users/aliyapetranik/test-gladeo/gladeo/config.js": {"path":"/Users/aliyapetranik/test-gladeo/gladeo/config.js","statementMap":{"0":{"start":{"line":2,"column":15},"end":{"line":2,"column":32}},"1":{"start":{"line":3,"column":0},"end":{"line":3,"column":15}},"2":{"start":{"line":5,"column":0},"end":{"line":11,"column":1}}},"fnMap":{},"branchMap":{},"s":{"0":5,"1":5,"2":5},"f":{},"b":{},"_coverageSchema":"1a1c01bbd47fc00a2c39e90264f33305004495a9","hash":"e07e51284efd81818f19518b494896f90597e721"}
,"/Users/aliyapetranik/test-gladeo/gladeo/server/api/app.js": {"path":"/Users/aliyapetranik/test-gladeo/gladeo/server/api/app.js","statementMap":{"0":{"start":{"line":1,"column":16},"end":{"line":1,"column":34}},"1":{"start":{"line":2,"column":16},"end":{"line":2,"column":42}},"2":{"start":{"line":3,"column":18},"end":{"line":3,"column":46}},"3":{"start":{"line":4,"column":13},"end":{"line":4,"column":37}},"4":{"start":{"line":5,"column":13},"end":{"line":5,"column":37}},"5":{"start":{"line":6,"column":16},"end":{"line":6,"column":43}},"6":{"start":{"line":8,"column":12},"end":{"line":8,"column":21}},"7":{"start":{"line":10,"column":19},"end":{"line":10,"column":41}},"8":{"start":{"line":13,"column":0},"end":{"line":15,"column":2}},"9":{"start":{"line":14,"column":2},"end":{"line":14,"column":23}},"10":{"start":{"line":16,"column":0},"end":{"line":18,"column":2}},"11":{"start":{"line":17,"column":2},"end":{"line":17,"column":23}},"12":{"start":{"line":22,"column":0},"end":{"line":34,"column":2}},"13":{"start":{"line":23,"column":2},"end":{"line":23,"column":68}},"14":{"start":{"line":24,"column":2},"end":{"line":24,"column":54}},"15":{"start":{"line":25,"column":2},"end":{"line":28,"column":3}},"16":{"start":{"line":29,"column":2},"end":{"line":32,"column":3}},"17":{"start":{"line":33,"column":2},"end":{"line":33,"column":8}},"18":{"start":{"line":37,"column":0},"end":{"line":37,"column":26}},"19":{"start":{"line":40,"column":0},"end":{"line":46,"column":1}},"20":{"start":{"line":49,"column":0},"end":{"line":49,"column":36}},"21":{"start":{"line":50,"column":0},"end":{"line":50,"column":26}},"22":{"start":{"line":51,"column":0},"end":{"line":51,"column":26}},"23":{"start":{"line":52,"column":0},"end":{"line":52,"column":32}},"24":{"start":{"line":56,"column":0},"end":{"line":60,"column":2}},"25":{"start":{"line":57,"column":14},"end":{"line":57,"column":36}},"26":{"start":{"line":58,"column":2},"end":{"line":58,"column":21}},"27":{"start":{"line":59,"column":2},"end":{"line":59,"column":11}},"28":{"start":{"line":63,"column":0},"end":{"line":70,"column":2}},"29":{"start":{"line":64,"column":2},"end":{"line":64,"column":31}},"30":{"start":{"line":65,"column":2},"end":{"line":69,"column":4}},"31":{"start":{"line":73,"column":0},"end":{"line":73,"column":20}}},"fnMap":{"0":{"name":"(anonymous_0)","decl":{"start":{"line":13,"column":19},"end":{"line":13,"column":20}},"loc":{"start":{"line":13,"column":33},"end":{"line":15,"column":1}},"line":13},"1":{"name":"(anonymous_1)","decl":{"start":{"line":16,"column":20},"end":{"line":16,"column":21}},"loc":{"start":{"line":16,"column":34},"end":{"line":18,"column":1}},"line":16},"2":{"name":"(anonymous_2)","decl":{"start":{"line":22,"column":8},"end":{"line":22,"column":9}},"loc":{"start":{"line":22,"column":28},"end":{"line":34,"column":1}},"line":22},"3":{"name":"(anonymous_3)","decl":{"start":{"line":56,"column":8},"end":{"line":56,"column":9}},"loc":{"start":{"line":56,"column":28},"end":{"line":60,"column":1}},"line":56},"4":{"name":"(anonymous_4)","decl":{"start":{"line":63,"column":8},"end":{"line":63,"column":9}},"loc":{"start":{"line":63,"column":27},"end":{"line":70,"column":1}},"line":63}},"branchMap":{"0":{"loc":{"start":{"line":64,"column":13},"end":{"line":64,"column":30}},"type":"binary-expr","locations":[{"start":{"line":64,"column":13},"end":{"line":64,"column":23}},{"start":{"line":64,"column":27},"end":{"line":64,"column":30}}],"line":64}},"s":{"0":5,"1":5,"2":5,"3":5,"4":5,"5":5,"6":5,"7":5,"8":5,"9":0,"10":5,"11":0,"12":5,"13":19,"14":19,"15":19,"16":19,"17":19,"18":5,"19":5,"20":5,"21":5,"22":5,"23":5,"24":5,"25":3,"26":3,"27":3,"28":5,"29":0,"30":0,"31":5},"f":{"0":0,"1":0,"2":19,"3":3,"4":0},"b":{"0":[0,0]},"_coverageSchema":"1a1c01bbd47fc00a2c39e90264f33305004495a9","hash":"0d1fd12ed54fb58a2f3980fef6443c106da95500"}
,"/Users/aliyapetranik/test-gladeo/gladeo/server/api/routes/auth.js": {"path":"/Users/aliyapetranik/test-gladeo/gladeo/server/api/routes/auth.js","statementMap":{"0":{"start":{"line":1,"column":15},"end":{"line":1,"column":32}},"1":{"start":{"line":2,"column":16},"end":{"line":2,"column":34}},"2":{"start":{"line":4,"column":15},"end":{"line":4,"column":31}},"3":{"start":{"line":5,"column":141},"end":{"line":5,"column":180}},"4":{"start":{"line":7,"column":0},"end":{"line":28,"column":2}},"5":{"start":{"line":8,"column":16},"end":{"line":8,"column":33}},"6":{"start":{"line":9,"column":19},"end":{"line":9,"column":39}},"7":{"start":{"line":10,"column":17},"end":{"line":10,"column":36}},"8":{"start":{"line":12,"column":2},"end":{"line":27,"column":3}},"9":{"start":{"line":14,"column":17},"end":{"line":14,"column":70}},"10":{"start":{"line":16,"column":4},"end":{"line":16,"column":37}},"11":{"start":{"line":19,"column":4},"end":{"line":25,"column":5}},"12":{"start":{"line":20,"column":6},"end":{"line":24,"column":8}},"13":{"start":{"line":26,"column":4},"end":{"line":26,"column":47}},"14":{"start":{"line":30,"column":0},"end":{"line":58,"column":2}},"15":{"start":{"line":31,"column":16},"end":{"line":31,"column":33}},"16":{"start":{"line":32,"column":19},"end":{"line":32,"column":39}},"17":{"start":{"line":34,"column":2},"end":{"line":57,"column":3}},"18":{"start":{"line":36,"column":17},"end":{"line":36,"column":51}},"19":{"start":{"line":38,"column":4},"end":{"line":43,"column":5}},"20":{"start":{"line":39,"column":6},"end":{"line":42,"column":7}},"21":{"start":{"line":44,"column":4},"end":{"line":44,"column":36}},"22":{"start":{"line":46,"column":4},"end":{"line":46,"column":37}},"23":{"start":{"line":49,"column":4},"end":{"line":55,"column":5}},"24":{"start":{"line":50,"column":6},"end":{"line":54,"column":8}},"25":{"start":{"line":56,"column":4},"end":{"line":56,"column":47}},"26":{"start":{"line":60,"column":0},"end":{"line":84,"column":2}},"27":{"start":{"line":61,"column":16},"end":{"line":61,"column":33}},"28":{"start":{"line":62,"column":19},"end":{"line":62,"column":40}},"29":{"start":{"line":63,"column":2},"end":{"line":83,"column":3}},"30":{"start":{"line":64,"column":17},"end":{"line":64,"column":54}},"31":{"start":{"line":66,"column":4},"end":{"line":79,"column":5}},"32":{"start":{"line":67,"column":6},"end":{"line":70,"column":8}},"33":{"start":{"line":73,"column":6},"end":{"line":73,"column":51}},"34":{"start":{"line":75,"column":6},"end":{"line":78,"column":8}},"35":{"start":{"line":81,"column":4},"end":{"line":81,"column":47}},"36":{"start":{"line":86,"column":0},"end":{"line":112,"column":2}},"37":{"start":{"line":87,"column":2},"end":{"line":111,"column":3}},"38":{"start":{"line":88,"column":18},"end":{"line":88,"column":35}},"39":{"start":{"line":89,"column":17},"end":{"line":89,"column":33}},"40":{"start":{"line":90,"column":20},"end":{"line":90,"column":57}},"41":{"start":{"line":91,"column":4},"end":{"line":101,"column":5}},"42":{"start":{"line":92,"column":6},"end":{"line":95,"column":8}},"43":{"start":{"line":97,"column":6},"end":{"line":100,"column":8}},"44":{"start":{"line":103,"column":4},"end":{"line":109,"column":5}},"45":{"start":{"line":104,"column":6},"end":{"line":108,"column":8}},"46":{"start":{"line":110,"column":4},"end":{"line":110,"column":47}},"47":{"start":{"line":114,"column":0},"end":{"line":140,"column":2}},"48":{"start":{"line":115,"column":2},"end":{"line":139,"column":3}},"49":{"start":{"line":116,"column":18},"end":{"line":116,"column":35}},"50":{"start":{"line":117,"column":21},"end":{"line":117,"column":41}},"51":{"start":{"line":118,"column":20},"end":{"line":118,"column":61}},"52":{"start":{"line":119,"column":4},"end":{"line":129,"column":5}},"53":{"start":{"line":120,"column":6},"end":{"line":123,"column":8}},"54":{"start":{"line":125,"column":6},"end":{"line":128,"column":8}},"55":{"start":{"line":131,"column":4},"end":{"line":137,"column":5}},"56":{"start":{"line":132,"column":6},"end":{"line":136,"column":8}},"57":{"start":{"line":138,"column":4},"end":{"line":138,"column":47}},"58":{"start":{"line":142,"column":0},"end":{"line":142,"column":23}}},"fnMap":{"0":{"name":"(anonymous_0)","decl":{"start":{"line":7,"column":25},"end":{"line":7,"column":26}},"loc":{"start":{"line":7,"column":45},"end":{"line":28,"column":1}},"line":7},"1":{"name":"(anonymous_1)","decl":{"start":{"line":30,"column":22},"end":{"line":30,"column":23}},"loc":{"start":{"line":30,"column":42},"end":{"line":58,"column":1}},"line":30},"2":{"name":"(anonymous_2)","decl":{"start":{"line":60,"column":32},"end":{"line":60,"column":33}},"loc":{"start":{"line":60,"column":51},"end":{"line":84,"column":1}},"line":60},"3":{"name":"(anonymous_3)","decl":{"start":{"line":86,"column":35},"end":{"line":86,"column":36}},"loc":{"start":{"line":86,"column":54},"end":{"line":112,"column":1}},"line":86},"4":{"name":"(anonymous_4)","decl":{"start":{"line":114,"column":31},"end":{"line":114,"column":32}},"loc":{"start":{"line":114,"column":50},"end":{"line":140,"column":1}},"line":114}},"branchMap":{"0":{"loc":{"start":{"line":19,"column":4},"end":{"line":25,"column":5}},"type":"if","locations":[{"start":{"line":19,"column":4},"end":{"line":25,"column":5}},{"start":{"line":19,"column":4},"end":{"line":25,"column":5}}],"line":19},"1":{"loc":{"start":{"line":38,"column":4},"end":{"line":43,"column":5}},"type":"if","locations":[{"start":{"line":38,"column":4},"end":{"line":43,"column":5}},{"start":{"line":38,"column":4},"end":{"line":43,"column":5}}],"line":38},"2":{"loc":{"start":{"line":49,"column":4},"end":{"line":55,"column":5}},"type":"if","locations":[{"start":{"line":49,"column":4},"end":{"line":55,"column":5}},{"start":{"line":49,"column":4},"end":{"line":55,"column":5}}],"line":49},"3":{"loc":{"start":{"line":66,"column":4},"end":{"line":79,"column":5}},"type":"if","locations":[{"start":{"line":66,"column":4},"end":{"line":79,"column":5}},{"start":{"line":66,"column":4},"end":{"line":79,"column":5}}],"line":66},"4":{"loc":{"start":{"line":91,"column":4},"end":{"line":101,"column":5}},"type":"if","locations":[{"start":{"line":91,"column":4},"end":{"line":101,"column":5}},{"start":{"line":91,"column":4},"end":{"line":101,"column":5}}],"line":91},"5":{"loc":{"start":{"line":103,"column":4},"end":{"line":109,"column":5}},"type":"if","locations":[{"start":{"line":103,"column":4},"end":{"line":109,"column":5}},{"start":{"line":103,"column":4},"end":{"line":109,"column":5}}],"line":103},"6":{"loc":{"start":{"line":119,"column":4},"end":{"line":129,"column":5}},"type":"if","locations":[{"start":{"line":119,"column":4},"end":{"line":129,"column":5}},{"start":{"line":119,"column":4},"end":{"line":129,"column":5}}],"line":119},"7":{"loc":{"start":{"line":131,"column":4},"end":{"line":137,"column":5}},"type":"if","locations":[{"start":{"line":131,"column":4},"end":{"line":137,"column":5}},{"start":{"line":131,"column":4},"end":{"line":137,"column":5}}],"line":131}},"s":{"0":5,"1":5,"2":5,"3":5,"4":5,"5":1,"6":1,"7":1,"8":1,"9":1,"10":1,"11":0,"12":0,"13":0,"14":5,"15":4,"16":4,"17":4,"18":4,"19":4,"20":0,"21":4,"22":4,"23":0,"24":0,"25":0,"26":5,"27":0,"28":0,"29":0,"30":0,"31":0,"32":0,"33":0,"34":0,"35":0,"36":5,"37":0,"38":0,"39":0,"40":0,"41":0,"42":0,"43":0,"44":0,"45":0,"46":0,"47":5,"48":0,"49":0,"50":0,"51":0,"52":0,"53":0,"54":0,"55":0,"56":0,"57":0,"58":5},"f":{"0":1,"1":4,"2":0,"3":0,"4":0},"b":{"0":[0,0],"1":[0,4],"2":[0,0],"3":[0,0],"4":[0,0],"5":[0,0],"6":[0,0],"7":[0,0]},"_coverageSchema":"1a1c01bbd47fc00a2c39e90264f33305004495a9","hash":"90b5e336be28ac099234e242b2dfd40814763c45"}
,"/Users/aliyapetranik/test-gladeo/gladeo/server/api/routes/company.js": {"path":"/Users/aliyapetranik/test-gladeo/gladeo/server/api/routes/company.js","statementMap":{"0":{"start":{"line":1,"column":16},"end":{"line":1,"column":34}},"1":{"start":{"line":2,"column":15},"end":{"line":2,"column":31}},"2":{"start":{"line":3,"column":33},"end":{"line":3,"column":75}},"3":{"start":{"line":5,"column":0},"end":{"line":41,"column":2}},"4":{"start":{"line":6,"column":2},"end":{"line":40,"column":3}},"5":{"start":{"line":7,"column":21},"end":{"line":7,"column":31}},"6":{"start":{"line":8,"column":17},"end":{"line":8,"column":49}},"7":{"start":{"line":9,"column":4},"end":{"line":31,"column":5}},"8":{"start":{"line":10,"column":6},"end":{"line":13,"column":8}},"9":{"start":{"line":14,"column":11},"end":{"line":31,"column":5}},"10":{"start":{"line":15,"column":6},"end":{"line":18,"column":8}},"11":{"start":{"line":19,"column":11},"end":{"line":31,"column":5}},"12":{"start":{"line":20,"column":19},"end":{"line":24,"column":7}},"13":{"start":{"line":25,"column":6},"end":{"line":25,"column":39}},"14":{"start":{"line":27,"column":6},"end":{"line":30,"column":7}},"15":{"start":{"line":33,"column":4},"end":{"line":38,"column":5}},"16":{"start":{"line":34,"column":6},"end":{"line":37,"column":8}},"17":{"start":{"line":39,"column":4},"end":{"line":39,"column":36}},"18":{"start":{"line":43,"column":0},"end":{"line":43,"column":23}}},"fnMap":{"0":{"name":"(anonymous_0)","decl":{"start":{"line":5,"column":21},"end":{"line":5,"column":22}},"loc":{"start":{"line":5,"column":41},"end":{"line":41,"column":1}},"line":5}},"branchMap":{"0":{"loc":{"start":{"line":9,"column":4},"end":{"line":31,"column":5}},"type":"if","locations":[{"start":{"line":9,"column":4},"end":{"line":31,"column":5}},{"start":{"line":9,"column":4},"end":{"line":31,"column":5}}],"line":9},"1":{"loc":{"start":{"line":14,"column":11},"end":{"line":31,"column":5}},"type":"if","locations":[{"start":{"line":14,"column":11},"end":{"line":31,"column":5}},{"start":{"line":14,"column":11},"end":{"line":31,"column":5}}],"line":14},"2":{"loc":{"start":{"line":19,"column":11},"end":{"line":31,"column":5}},"type":"if","locations":[{"start":{"line":19,"column":11},"end":{"line":31,"column":5}},{"start":{"line":19,"column":11},"end":{"line":31,"column":5}}],"line":19},"3":{"loc":{"start":{"line":33,"column":4},"end":{"line":38,"column":5}},"type":"if","locations":[{"start":{"line":33,"column":4},"end":{"line":38,"column":5}},{"start":{"line":33,"column":4},"end":{"line":38,"column":5}}],"line":33}},"s":{"0":5,"1":5,"2":5,"3":5,"4":3,"5":3,"6":3,"7":3,"8":1,"9":2,"10":1,"11":1,"12":1,"13":1,"14":0,"15":0,"16":0,"17":0,"18":5},"f":{"0":3},"b":{"0":[1,2],"1":[1,1],"2":[1,0],"3":[0,0]},"_coverageSchema":"1a1c01bbd47fc00a2c39e90264f33305004495a9","hash":"360d976c6f85cb132d1158dbd321bf4b1bc3bd3a"}
,"/Users/aliyapetranik/test-gladeo/gladeo/server/api/routes/question.js": {"path":"/Users/aliyapetranik/test-gladeo/gladeo/server/api/routes/question.js","statementMap":{"0":{"start":{"line":1,"column":16},"end":{"line":1,"column":34}},"1":{"start":{"line":2,"column":15},"end":{"line":2,"column":31}},"2":{"start":{"line":3,"column":41},"end":{"line":3,"column":84}},"3":{"start":{"line":7,"column":0},"end":{"line":14,"column":2}},"4":{"start":{"line":8,"column":2},"end":{"line":13,"column":3}},"5":{"start":{"line":9,"column":22},"end":{"line":9,"column":45}},"6":{"start":{"line":10,"column":4},"end":{"line":10,"column":42}},"7":{"start":{"line":12,"column":4},"end":{"line":12,"column":47}},"8":{"start":{"line":41,"column":0},"end":{"line":41,"column":23}}},"fnMap":{"0":{"name":"(anonymous_0)","decl":{"start":{"line":7,"column":16},"end":{"line":7,"column":17}},"loc":{"start":{"line":7,"column":36},"end":{"line":14,"column":1}},"line":7}},"branchMap":{},"s":{"0":5,"1":5,"2":5,"3":5,"4":2,"5":2,"6":2,"7":0,"8":5},"f":{"0":2},"b":{},"_coverageSchema":"1a1c01bbd47fc00a2c39e90264f33305004495a9","hash":"9c1b1bd3953a35e021521646fa9576954241432d"}
,"/Users/aliyapetranik/test-gladeo/gladeo/server/api/routes/user.js": {"path":"/Users/aliyapetranik/test-gladeo/gladeo/server/api/routes/user.js","statementMap":{"0":{"start":{"line":1,"column":16},"end":{"line":1,"column":34}},"1":{"start":{"line":2,"column":15},"end":{"line":2,"column":31}},"2":{"start":{"line":3,"column":36},"end":{"line":3,"column":75}},"3":{"start":{"line":4,"column":41},"end":{"line":4,"column":84}},"4":{"start":{"line":6,"column":0},"end":{"line":15,"column":2}},"5":{"start":{"line":7,"column":2},"end":{"line":10,"column":3}},"6":{"start":{"line":8,"column":17},"end":{"line":8,"column":42}},"7":{"start":{"line":9,"column":4},"end":{"line":9,"column":37}},"8":{"start":{"line":11,"column":2},"end":{"line":14,"column":4}},"9":{"start":{"line":18,"column":0},"end":{"line":53,"column":2}},"10":{"start":{"line":19,"column":2},"end":{"line":52,"column":3}},"11":{"start":{"line":20,"column":4},"end":{"line":41,"column":5}},"12":{"start":{"line":21,"column":19},"end":{"line":21,"column":44}},"13":{"start":{"line":26,"column":32},"end":{"line":26,"column":45}},"14":{"start":{"line":27,"column":6},"end":{"line":29,"column":7}},"15":{"start":{"line":28,"column":8},"end":{"line":28,"column":39}},"16":{"start":{"line":30,"column":31},"end":{"line":32,"column":7}},"17":{"start":{"line":31,"column":8},"end":{"line":31,"column":84}},"18":{"start":{"line":31,"column":61},"end":{"line":31,"column":82}},"19":{"start":{"line":33,"column":6},"end":{"line":35,"column":8}},"20":{"start":{"line":34,"column":8},"end":{"line":34,"column":41}},"21":{"start":{"line":37,"column":6},"end":{"line":40,"column":8}},"22":{"start":{"line":44,"column":4},"end":{"line":50,"column":5}},"23":{"start":{"line":45,"column":6},"end":{"line":49,"column":8}},"24":{"start":{"line":51,"column":4},"end":{"line":51,"column":47}},"25":{"start":{"line":56,"column":0},"end":{"line":98,"column":2}},"26":{"start":{"line":57,"column":2},"end":{"line":97,"column":3}},"27":{"start":{"line":58,"column":4},"end":{"line":86,"column":5}},"28":{"start":{"line":59,"column":19},"end":{"line":59,"column":44}},"29":{"start":{"line":61,"column":27},"end":{"line":61,"column":50}},"30":{"start":{"line":63,"column":28},"end":{"line":63,"column":30}},"31":{"start":{"line":65,"column":6},"end":{"line":77,"column":8}},"32":{"start":{"line":66,"column":28},"end":{"line":71,"column":9}},"33":{"start":{"line":73,"column":8},"end":{"line":75,"column":9}},"34":{"start":{"line":74,"column":10},"end":{"line":74,"column":37}},"35":{"start":{"line":76,"column":8},"end":{"line":76,"column":39}},"36":{"start":{"line":79,"column":6},"end":{"line":79,"column":48}},"37":{"start":{"line":82,"column":6},"end":{"line":85,"column":8}},"38":{"start":{"line":89,"column":4},"end":{"line":95,"column":5}},"39":{"start":{"line":90,"column":6},"end":{"line":94,"column":8}},"40":{"start":{"line":96,"column":4},"end":{"line":96,"column":47}},"41":{"start":{"line":107,"column":0},"end":{"line":147,"column":2}},"42":{"start":{"line":108,"column":2},"end":{"line":146,"column":3}},"43":{"start":{"line":109,"column":4},"end":{"line":135,"column":5}},"44":{"start":{"line":110,"column":19},"end":{"line":110,"column":44}},"45":{"start":{"line":111,"column":29},"end":{"line":111,"column":37}},"46":{"start":{"line":112,"column":30},"end":{"line":112,"column":32}},"47":{"start":{"line":113,"column":6},"end":{"line":115,"column":7}},"48":{"start":{"line":114,"column":8},"end":{"line":114,"column":41}},"49":{"start":{"line":118,"column":26},"end":{"line":118,"column":55}},"50":{"start":{"line":121,"column":6},"end":{"line":123,"column":7}},"51":{"start":{"line":122,"column":8},"end":{"line":122,"column":41}},"52":{"start":{"line":124,"column":6},"end":{"line":124,"column":49}},"53":{"start":{"line":127,"column":26},"end":{"line":127,"column":80}},"54":{"start":{"line":129,"column":6},"end":{"line":129,"column":46}},"55":{"start":{"line":131,"column":6},"end":{"line":134,"column":8}},"56":{"start":{"line":138,"column":4},"end":{"line":144,"column":5}},"57":{"start":{"line":139,"column":6},"end":{"line":143,"column":8}},"58":{"start":{"line":145,"column":4},"end":{"line":145,"column":47}},"59":{"start":{"line":149,"column":0},"end":{"line":149,"column":23}}},"fnMap":{"0":{"name":"(anonymous_0)","decl":{"start":{"line":6,"column":16},"end":{"line":6,"column":17}},"loc":{"start":{"line":6,"column":36},"end":{"line":15,"column":1}},"line":6},"1":{"name":"(anonymous_1)","decl":{"start":{"line":18,"column":24},"end":{"line":18,"column":25}},"loc":{"start":{"line":18,"column":44},"end":{"line":53,"column":1}},"line":18},"2":{"name":"(anonymous_2)","decl":{"start":{"line":30,"column":31},"end":{"line":30,"column":32}},"loc":{"start":{"line":30,"column":37},"end":{"line":32,"column":7}},"line":30},"3":{"name":"(anonymous_3)","decl":{"start":{"line":31,"column":49},"end":{"line":31,"column":50}},"loc":{"start":{"line":31,"column":61},"end":{"line":31,"column":82}},"line":31},"4":{"name":"(anonymous_4)","decl":{"start":{"line":33,"column":30},"end":{"line":33,"column":31}},"loc":{"start":{"line":33,"column":38},"end":{"line":35,"column":7}},"line":33},"5":{"name":"(anonymous_5)","decl":{"start":{"line":56,"column":25},"end":{"line":56,"column":26}},"loc":{"start":{"line":56,"column":45},"end":{"line":98,"column":1}},"line":56},"6":{"name":"(anonymous_6)","decl":{"start":{"line":65,"column":23},"end":{"line":65,"column":24}},"loc":{"start":{"line":65,"column":35},"end":{"line":77,"column":7}},"line":65},"7":{"name":"(anonymous_7)","decl":{"start":{"line":107,"column":26},"end":{"line":107,"column":27}},"loc":{"start":{"line":107,"column":46},"end":{"line":147,"column":1}},"line":107}},"branchMap":{"0":{"loc":{"start":{"line":7,"column":2},"end":{"line":10,"column":3}},"type":"if","locations":[{"start":{"line":7,"column":2},"end":{"line":10,"column":3}},{"start":{"line":7,"column":2},"end":{"line":10,"column":3}}],"line":7},"1":{"loc":{"start":{"line":7,"column":5},"end":{"line":7,"column":45}},"type":"binary-expr","locations":[{"start":{"line":7,"column":5},"end":{"line":7,"column":16}},{"start":{"line":7,"column":20},"end":{"line":7,"column":45}}],"line":7},"2":{"loc":{"start":{"line":20,"column":4},"end":{"line":41,"column":5}},"type":"if","locations":[{"start":{"line":20,"column":4},"end":{"line":41,"column":5}},{"start":{"line":20,"column":4},"end":{"line":41,"column":5}}],"line":20},"3":{"loc":{"start":{"line":20,"column":7},"end":{"line":20,"column":47}},"type":"binary-expr","locations":[{"start":{"line":20,"column":7},"end":{"line":20,"column":18}},{"start":{"line":20,"column":22},"end":{"line":20,"column":47}}],"line":20},"4":{"loc":{"start":{"line":27,"column":6},"end":{"line":29,"column":7}},"type":"if","locations":[{"start":{"line":27,"column":6},"end":{"line":29,"column":7}},{"start":{"line":27,"column":6},"end":{"line":29,"column":7}}],"line":27},"5":{"loc":{"start":{"line":44,"column":4},"end":{"line":50,"column":5}},"type":"if","locations":[{"start":{"line":44,"column":4},"end":{"line":50,"column":5}},{"start":{"line":44,"column":4},"end":{"line":50,"column":5}}],"line":44},"6":{"loc":{"start":{"line":58,"column":4},"end":{"line":86,"column":5}},"type":"if","locations":[{"start":{"line":58,"column":4},"end":{"line":86,"column":5}},{"start":{"line":58,"column":4},"end":{"line":86,"column":5}}],"line":58},"7":{"loc":{"start":{"line":58,"column":7},"end":{"line":58,"column":47}},"type":"binary-expr","locations":[{"start":{"line":58,"column":7},"end":{"line":58,"column":18}},{"start":{"line":58,"column":22},"end":{"line":58,"column":47}}],"line":58},"8":{"loc":{"start":{"line":73,"column":8},"end":{"line":75,"column":9}},"type":"if","locations":[{"start":{"line":73,"column":8},"end":{"line":75,"column":9}},{"start":{"line":73,"column":8},"end":{"line":75,"column":9}}],"line":73},"9":{"loc":{"start":{"line":73,"column":11},"end":{"line":73,"column":66}},"type":"binary-expr","locations":[{"start":{"line":73,"column":11},"end":{"line":73,"column":25}},{"start":{"line":73,"column":29},"end":{"line":73,"column":66}}],"line":73},"10":{"loc":{"start":{"line":89,"column":4},"end":{"line":95,"column":5}},"type":"if","locations":[{"start":{"line":89,"column":4},"end":{"line":95,"column":5}},{"start":{"line":89,"column":4},"end":{"line":95,"column":5}}],"line":89},"11":{"loc":{"start":{"line":109,"column":4},"end":{"line":135,"column":5}},"type":"if","locations":[{"start":{"line":109,"column":4},"end":{"line":135,"column":5}},{"start":{"line":109,"column":4},"end":{"line":135,"column":5}}],"line":109},"12":{"loc":{"start":{"line":109,"column":7},"end":{"line":109,"column":47}},"type":"binary-expr","locations":[{"start":{"line":109,"column":7},"end":{"line":109,"column":18}},{"start":{"line":109,"column":22},"end":{"line":109,"column":47}}],"line":109},"13":{"loc":{"start":{"line":113,"column":6},"end":{"line":115,"column":7}},"type":"if","locations":[{"start":{"line":113,"column":6},"end":{"line":115,"column":7}},{"start":{"line":113,"column":6},"end":{"line":115,"column":7}}],"line":113},"14":{"loc":{"start":{"line":121,"column":6},"end":{"line":123,"column":7}},"type":"if","locations":[{"start":{"line":121,"column":6},"end":{"line":123,"column":7}},{"start":{"line":121,"column":6},"end":{"line":123,"column":7}}],"line":121},"15":{"loc":{"start":{"line":138,"column":4},"end":{"line":144,"column":5}},"type":"if","locations":[{"start":{"line":138,"column":4},"end":{"line":144,"column":5}},{"start":{"line":138,"column":4},"end":{"line":144,"column":5}}],"line":138}},"s":{"0":5,"1":5,"2":5,"3":5,"4":5,"5":2,"6":1,"7":1,"8":1,"9":5,"10":0,"11":0,"12":0,"13":0,"14":0,"15":0,"16":0,"17":0,"18":0,"19":0,"20":0,"21":0,"22":0,"23":0,"24":0,"25":5,"26":3,"27":3,"28":3,"29":3,"30":3,"31":3,"32":30,"33":30,"34":6,"35":30,"36":3,"37":0,"38":0,"39":0,"40":0,"41":5,"42":1,"43":1,"44":1,"45":1,"46":1,"47":1,"48":0,"49":1,"50":1,"51":0,"52":1,"53":1,"54":1,"55":0,"56":0,"57":0,"58":0,"59":5},"f":{"0":2,"1":0,"2":0,"3":0,"4":0,"5":3,"6":30,"7":1},"b":{"0":[1,1],"1":[2,2],"2":[0,0],"3":[0,0],"4":[0,0],"5":[0,0],"6":[3,0],"7":[3,3],"8":[6,24],"9":[30,22],"10":[0,0],"11":[1,0],"12":[1,1],"13":[0,1],"14":[0,1],"15":[0,0]},"_coverageSchema":"1a1c01bbd47fc00a2c39e90264f33305004495a9","hash":"df9c115ac073869e7374f6a136ff8a07ce324728"}
,"/Users/aliyapetranik/test-gladeo/gladeo/server/data_access_layer/company.js": {"path":"/Users/aliyapetranik/test-gladeo/gladeo/server/data_access_layer/company.js","statementMap":{"0":{"start":{"line":1,"column":17},"end":{"line":1,"column":35}},"1":{"start":{"line":2,"column":55},"end":{"line":2,"column":75}},"2":{"start":{"line":5,"column":23},"end":{"line":10,"column":4}},"3":{"start":{"line":12,"column":22},"end":{"line":14,"column":3}},"4":{"start":{"line":16,"column":2},"end":{"line":16,"column":23}},"5":{"start":{"line":20,"column":22},"end":{"line":23,"column":4}},"6":{"start":{"line":25,"column":16},"end":{"line":25,"column":77}},"7":{"start":{"line":26,"column":2},"end":{"line":26,"column":44}},"8":{"start":{"line":29,"column":0},"end":{"line":32,"column":1}}},"fnMap":{"0":{"name":"getCompany","decl":{"start":{"line":4,"column":15},"end":{"line":4,"column":25}},"loc":{"start":{"line":4,"column":39},"end":{"line":17,"column":1}},"line":4},"1":{"name":"getUserByCompanyCode","decl":{"start":{"line":19,"column":15},"end":{"line":19,"column":35}},"loc":{"start":{"line":19,"column":49},"end":{"line":27,"column":1}},"line":19}},"branchMap":{"0":{"loc":{"start":{"line":26,"column":9},"end":{"line":26,"column":44}},"type":"cond-expr","locations":[{"start":{"line":26,"column":29},"end":{"line":26,"column":33}},{"start":{"line":26,"column":36},"end":{"line":26,"column":44}}],"line":26}},"s":{"0":5,"1":5,"2":0,"3":0,"4":0,"5":3,"6":3,"7":3,"8":5},"f":{"0":0,"1":3},"b":{"0":[1,2]},"_coverageSchema":"1a1c01bbd47fc00a2c39e90264f33305004495a9","hash":"3715bd0b95085342853073b0e08aab4a183476ea"}
,"/Users/aliyapetranik/test-gladeo/gladeo/server/data_access_layer/helpers.js": {"path":"/Users/aliyapetranik/test-gladeo/gladeo/server/data_access_layer/helpers.js","statementMap":{"0":{"start":{"line":1,"column":17},"end":{"line":1,"column":35}},"1":{"start":{"line":7,"column":2},"end":{"line":10,"column":5}},"2":{"start":{"line":7,"column":32},"end":{"line":10,"column":3}},"3":{"start":{"line":17,"column":22},"end":{"line":17,"column":24}},"4":{"start":{"line":18,"column":2},"end":{"line":20,"column":4}},"5":{"start":{"line":19,"column":4},"end":{"line":19,"column":51}},"6":{"start":{"line":21,"column":2},"end":{"line":21,"column":20}},"7":{"start":{"line":28,"column":16},"end":{"line":28,"column":18}},"8":{"start":{"line":29,"column":2},"end":{"line":33,"column":4}},"9":{"start":{"line":30,"column":4},"end":{"line":30,"column":45}},"10":{"start":{"line":32,"column":4},"end":{"line":32,"column":19}},"11":{"start":{"line":34,"column":2},"end":{"line":34,"column":16}},"12":{"start":{"line":39,"column":17},"end":{"line":39,"column":19}},"13":{"start":{"line":40,"column":2},"end":{"line":42,"column":4}},"14":{"start":{"line":41,"column":4},"end":{"line":41,"column":26}},"15":{"start":{"line":43,"column":2},"end":{"line":53,"column":3}},"16":{"start":{"line":44,"column":4},"end":{"line":49,"column":6}},"17":{"start":{"line":51,"column":4},"end":{"line":51,"column":76}},"18":{"start":{"line":52,"column":4},"end":{"line":52,"column":10}},"19":{"start":{"line":56,"column":0},"end":{"line":61,"column":1}}},"fnMap":{"0":{"name":"extractContentFromRecords","decl":{"start":{"line":6,"column":9},"end":{"line":6,"column":34}},"loc":{"start":{"line":6,"column":44},"end":{"line":11,"column":1}},"line":6},"1":{"name":"(anonymous_1)","decl":{"start":{"line":7,"column":21},"end":{"line":7,"column":22}},"loc":{"start":{"line":7,"column":32},"end":{"line":10,"column":3}},"line":7},"2":{"name":"getFieldsFromObject","decl":{"start":{"line":16,"column":9},"end":{"line":16,"column":28}},"loc":{"start":{"line":16,"column":43},"end":{"line":22,"column":1}},"line":16},"3":{"name":"(anonymous_3)","decl":{"start":{"line":18,"column":15},"end":{"line":18,"column":16}},"loc":{"start":{"line":18,"column":22},"end":{"line":20,"column":3}},"line":18},"4":{"name":"getAllFromTable","decl":{"start":{"line":27,"column":15},"end":{"line":27,"column":30}},"loc":{"start":{"line":27,"column":38},"end":{"line":35,"column":1}},"line":27},"5":{"name":"(anonymous_5)","decl":{"start":{"line":29,"column":23},"end":{"line":29,"column":24}},"loc":{"start":{"line":29,"column":58},"end":{"line":33,"column":3}},"line":29},"6":{"name":"clearFieldsInSingleRecord","decl":{"start":{"line":38,"column":15},"end":{"line":38,"column":40}},"loc":{"start":{"line":38,"column":76},"end":{"line":54,"column":1}},"line":38},"7":{"name":"(anonymous_7)","decl":{"start":{"line":40,"column":21},"end":{"line":40,"column":22}},"loc":{"start":{"line":40,"column":34},"end":{"line":42,"column":3}},"line":40}},"branchMap":{"0":{"loc":{"start":{"line":19,"column":23},"end":{"line":19,"column":51}},"type":"cond-expr","locations":[{"start":{"line":19,"column":36},"end":{"line":19,"column":44}},{"start":{"line":19,"column":47},"end":{"line":19,"column":51}}],"line":19}},"s":{"0":5,"1":14,"2":58,"3":0,"4":0,"5":0,"6":0,"7":14,"8":14,"9":14,"10":14,"11":14,"12":3,"13":3,"14":3,"15":3,"16":3,"17":0,"18":0,"19":5},"f":{"0":14,"1":58,"2":0,"3":0,"4":14,"5":14,"6":3,"7":3},"b":{"0":[0,0]},"_coverageSchema":"1a1c01bbd47fc00a2c39e90264f33305004495a9","hash":"c450058690949eb61f73b156f728888e5c8dfce7"}
,"/Users/aliyapetranik/test-gladeo/gladeo/server/data_access_layer/index.js": {"path":"/Users/aliyapetranik/test-gladeo/gladeo/server/data_access_layer/index.js","statementMap":{"0":{"start":{"line":1,"column":17},"end":{"line":1,"column":36}},"1":{"start":{"line":2,"column":31},"end":{"line":2,"column":54}},"2":{"start":{"line":7,"column":13},"end":{"line":7,"column":62}},"3":{"start":{"line":9,"column":0},"end":{"line":11,"column":1}}},"fnMap":{},"branchMap":{},"s":{"0":5,"1":5,"2":5,"3":5},"f":{},"b":{},"_coverageSchema":"1a1c01bbd47fc00a2c39e90264f33305004495a9","hash":"97549167b3febf432f47d94494d880cae7e77486"}
,"/Users/aliyapetranik/test-gladeo/gladeo/server/data_access_layer/question.js": {"path":"/Users/aliyapetranik/test-gladeo/gladeo/server/data_access_layer/question.js","statementMap":{"0":{"start":{"line":1,"column":17},"end":{"line":1,"column":35}},"1":{"start":{"line":2,"column":55},"end":{"line":2,"column":75}},"2":{"start":{"line":6,"column":24},"end":{"line":9,"column":4}},"3":{"start":{"line":11,"column":20},"end":{"line":13,"column":3}},"4":{"start":{"line":14,"column":2},"end":{"line":14,"column":18}},"5":{"start":{"line":22,"column":24},"end":{"line":25,"column":4}},"6":{"start":{"line":27,"column":20},"end":{"line":29,"column":3}},"7":{"start":{"line":31,"column":2},"end":{"line":31,"column":21}},"8":{"start":{"line":34,"column":0},"end":{"line":37,"column":1}}},"fnMap":{"0":{"name":"getAllQuestions","decl":{"start":{"line":5,"column":15},"end":{"line":5,"column":30}},"loc":{"start":{"line":5,"column":33},"end":{"line":15,"column":1}},"line":5},"1":{"name":"getQuestion","decl":{"start":{"line":21,"column":15},"end":{"line":21,"column":26}},"loc":{"start":{"line":21,"column":31},"end":{"line":32,"column":1}},"line":21}},"branchMap":{},"s":{"0":5,"1":5,"2":5,"3":5,"4":5,"5":1,"6":1,"7":1,"8":5},"f":{"0":5,"1":1},"b":{},"_coverageSchema":"1a1c01bbd47fc00a2c39e90264f33305004495a9","hash":"e010f40215cf80317df7aaf63c5393702d99a85b"}
,"/Users/aliyapetranik/test-gladeo/gladeo/server/data_access_layer/user.js": {"path":"/Users/aliyapetranik/test-gladeo/gladeo/server/data_access_layer/user.js","statementMap":{"0":{"start":{"line":1,"column":15},"end":{"line":1,"column":32}},"1":{"start":{"line":2,"column":17},"end":{"line":2,"column":35}},"2":{"start":{"line":3,"column":23},"end":{"line":3,"column":43}},"3":{"start":{"line":4,"column":19},"end":{"line":4,"column":40}},"4":{"start":{"line":5,"column":55},"end":{"line":5,"column":75}},"5":{"start":{"line":8,"column":22},"end":{"line":11,"column":4}},"6":{"start":{"line":13,"column":16},"end":{"line":13,"column":77}},"7":{"start":{"line":14,"column":2},"end":{"line":14,"column":44}},"8":{"start":{"line":18,"column":22},"end":{"line":22,"column":4}},"9":{"start":{"line":24,"column":16},"end":{"line":24,"column":77}},"10":{"start":{"line":25,"column":2},"end":{"line":25,"column":44}},"11":{"start":{"line":29,"column":2},"end":{"line":29,"column":35}},"12":{"start":{"line":31,"column":22},"end":{"line":36,"column":4}},"13":{"start":{"line":37,"column":2},"end":{"line":37,"column":41}},"14":{"start":{"line":38,"column":2},"end":{"line":38,"column":13}},"15":{"start":{"line":42,"column":25},"end":{"line":42,"column":54}},"16":{"start":{"line":44,"column":22},"end":{"line":50,"column":4}},"17":{"start":{"line":52,"column":2},"end":{"line":52,"column":41}},"18":{"start":{"line":54,"column":18},"end":{"line":54,"column":39}},"19":{"start":{"line":55,"column":2},"end":{"line":55,"column":16}},"20":{"start":{"line":59,"column":18},"end":{"line":59,"column":47}},"21":{"start":{"line":61,"column":25},"end":{"line":61,"column":54}},"22":{"start":{"line":63,"column":18},"end":{"line":69,"column":3}},"23":{"start":{"line":70,"column":22},"end":{"line":70,"column":57}},"24":{"start":{"line":71,"column":2},"end":{"line":74,"column":3}},"25":{"start":{"line":78,"column":15},"end":{"line":78,"column":42}},"26":{"start":{"line":79,"column":2},"end":{"line":81,"column":3}},"27":{"start":{"line":80,"column":4},"end":{"line":80,"column":10}},"28":{"start":{"line":83,"column":16},"end":{"line":83,"column":61}},"29":{"start":{"line":84,"column":2},"end":{"line":86,"column":3}},"30":{"start":{"line":85,"column":4},"end":{"line":85,"column":15}},"31":{"start":{"line":87,"column":2},"end":{"line":87,"column":8}},"32":{"start":{"line":92,"column":15},"end":{"line":92,"column":56}},"33":{"start":{"line":95,"column":22},"end":{"line":101,"column":4}},"34":{"start":{"line":104,"column":15},"end":{"line":110,"column":3}},"35":{"start":{"line":113,"column":2},"end":{"line":117,"column":4}},"36":{"start":{"line":114,"column":4},"end":{"line":116,"column":5}},"37":{"start":{"line":115,"column":6},"end":{"line":115,"column":24}},"38":{"start":{"line":120,"column":15},"end":{"line":120,"column":42}},"39":{"start":{"line":121,"column":2},"end":{"line":126,"column":5}},"40":{"start":{"line":131,"column":15},"end":{"line":131,"column":42}},"41":{"start":{"line":132,"column":23},"end":{"line":132,"column":51}},"42":{"start":{"line":133,"column":2},"end":{"line":135,"column":3}},"43":{"start":{"line":134,"column":4},"end":{"line":134,"column":15}},"44":{"start":{"line":136,"column":2},"end":{"line":136,"column":14}},"45":{"start":{"line":140,"column":15},"end":{"line":140,"column":42}},"46":{"start":{"line":141,"column":2},"end":{"line":143,"column":3}},"47":{"start":{"line":142,"column":4},"end":{"line":142,"column":16}},"48":{"start":{"line":144,"column":25},"end":{"line":144,"column":54}},"49":{"start":{"line":146,"column":22},"end":{"line":151,"column":4}},"50":{"start":{"line":152,"column":2},"end":{"line":152,"column":35}},"51":{"start":{"line":153,"column":2},"end":{"line":153,"column":13}},"52":{"start":{"line":156,"column":0},"end":{"line":166,"column":1}}},"fnMap":{"0":{"name":"getUser","decl":{"start":{"line":7,"column":15},"end":{"line":7,"column":22}},"loc":{"start":{"line":7,"column":31},"end":{"line":15,"column":1}},"line":7},"1":{"name":"getUserByEmail","decl":{"start":{"line":17,"column":15},"end":{"line":17,"column":29}},"loc":{"start":{"line":17,"column":37},"end":{"line":26,"column":1}},"line":17},"2":{"name":"updateAnsweredQuestions","decl":{"start":{"line":28,"column":15},"end":{"line":28,"column":38}},"loc":{"start":{"line":28,"column":64},"end":{"line":39,"column":1}},"line":28},"3":{"name":"updateEmailandPassword","decl":{"start":{"line":41,"column":15},"end":{"line":41,"column":37}},"loc":{"start":{"line":41,"column":62},"end":{"line":56,"column":1}},"line":41},"4":{"name":"registerUser","decl":{"start":{"line":58,"column":15},"end":{"line":58,"column":27}},"loc":{"start":{"line":58,"column":75},"end":{"line":75,"column":1}},"line":58},"5":{"name":"verifyLogin","decl":{"start":{"line":77,"column":15},"end":{"line":77,"column":26}},"loc":{"start":{"line":77,"column":44},"end":{"line":88,"column":1}},"line":77},"6":{"name":"sendPasswordResetEmail","decl":{"start":{"line":90,"column":15},"end":{"line":90,"column":37}},"loc":{"start":{"line":90,"column":55},"end":{"line":128,"column":1}},"line":90},"7":{"name":"(anonymous_7)","decl":{"start":{"line":113,"column":29},"end":{"line":113,"column":30}},"loc":{"start":{"line":113,"column":52},"end":{"line":117,"column":3}},"line":113},"8":{"name":"verifyPasswordCode","decl":{"start":{"line":130,"column":15},"end":{"line":130,"column":33}},"loc":{"start":{"line":130,"column":47},"end":{"line":137,"column":1}},"line":130},"9":{"name":"updateUserPassword","decl":{"start":{"line":139,"column":15},"end":{"line":139,"column":33}},"loc":{"start":{"line":139,"column":51},"end":{"line":154,"column":1}},"line":139}},"branchMap":{"0":{"loc":{"start":{"line":14,"column":9},"end":{"line":14,"column":44}},"type":"cond-expr","locations":[{"start":{"line":14,"column":29},"end":{"line":14,"column":33}},{"start":{"line":14,"column":36},"end":{"line":14,"column":44}}],"line":14},"1":{"loc":{"start":{"line":25,"column":9},"end":{"line":25,"column":44}},"type":"cond-expr","locations":[{"start":{"line":25,"column":29},"end":{"line":25,"column":33}},{"start":{"line":25,"column":36},"end":{"line":25,"column":44}}],"line":25},"2":{"loc":{"start":{"line":79,"column":2},"end":{"line":81,"column":3}},"type":"if","locations":[{"start":{"line":79,"column":2},"end":{"line":81,"column":3}},{"start":{"line":79,"column":2},"end":{"line":81,"column":3}}],"line":79},"3":{"loc":{"start":{"line":84,"column":2},"end":{"line":86,"column":3}},"type":"if","locations":[{"start":{"line":84,"column":2},"end":{"line":86,"column":3}},{"start":{"line":84,"column":2},"end":{"line":86,"column":3}}],"line":84},"4":{"loc":{"start":{"line":114,"column":4},"end":{"line":116,"column":5}},"type":"if","locations":[{"start":{"line":114,"column":4},"end":{"line":116,"column":5}},{"start":{"line":114,"column":4},"end":{"line":116,"column":5}}],"line":114},"5":{"loc":{"start":{"line":133,"column":2},"end":{"line":135,"column":3}},"type":"if","locations":[{"start":{"line":133,"column":2},"end":{"line":135,"column":3}},{"start":{"line":133,"column":2},"end":{"line":135,"column":3}}],"line":133},"6":{"loc":{"start":{"line":141,"column":2},"end":{"line":143,"column":3}},"type":"if","locations":[{"start":{"line":141,"column":2},"end":{"line":143,"column":3}},{"start":{"line":141,"column":2},"end":{"line":143,"column":3}}],"line":141}},"s":{"0":5,"1":5,"2":5,"3":5,"4":5,"5":0,"6":0,"7":0,"8":5,"9":5,"10":5,"11":1,"12":1,"13":1,"14":1,"15":1,"16":1,"17":1,"18":1,"19":1,"20":0,"21":0,"22":0,"23":0,"24":0,"25":4,"26":4,"27":0,"28":4,"29":4,"30":4,"31":0,"32":0,"33":0,"34":0,"35":0,"36":0,"37":0,"38":0,"39":0,"40":0,"41":0,"42":0,"43":0,"44":0,"45":0,"46":0,"47":0,"48":0,"49":0,"50":0,"51":0,"52":5},"f":{"0":0,"1":5,"2":1,"3":1,"4":0,"5":4,"6":0,"7":0,"8":0,"9":0},"b":{"0":[0,0],"1":[0,5],"2":[0,4],"3":[4,0],"4":[0,0],"5":[0,0],"6":[0,0]},"_coverageSchema":"1a1c01bbd47fc00a2c39e90264f33305004495a9","hash":"dae0b498fa6dea31531c800fa987f3a6de2c4519"}
}
