TN:
SF:config.js
FNF:0
FNH:0
DA:2,5
DA:3,5
DA:5,5
LF:3
LH:3
BRF:0
BRH:0
end_of_record
TN:
SF:server/api/app.js
FN:13,(anonymous_0)
FN:16,(anonymous_1)
FN:22,(anonymous_2)
FN:56,(anonymous_3)
FN:63,(anonymous_4)
FNF:5
FNH:2
FNDA:0,(anonymous_0)
FNDA:0,(anonymous_1)
FNDA:19,(anonymous_2)
FNDA:3,(anonymous_3)
FNDA:0,(anonymous_4)
DA:1,5
DA:2,5
DA:3,5
DA:4,5
DA:5,5
DA:6,5
DA:8,5
DA:10,5
DA:13,5
DA:14,0
DA:16,5
DA:17,0
DA:22,5
DA:23,19
DA:24,19
DA:25,19
DA:29,19
DA:33,19
DA:37,5
DA:40,5
DA:49,5
DA:50,5
DA:51,5
DA:52,5
DA:56,5
DA:57,3
DA:58,3
DA:59,3
DA:63,5
DA:64,0
DA:65,0
DA:73,5
LF:32
LH:28
BRDA:64,0,0,0
BRDA:64,0,1,0
BRF:2
BRH:0
end_of_record
TN:
SF:server/api/routes/auth.js
FN:7,(anonymous_0)
FN:30,(anonymous_1)
FN:60,(anonymous_2)
FN:86,(anonymous_3)
FN:114,(anonymous_4)
FNF:5
FNH:2
FNDA:1,(anonymous_0)
FNDA:4,(anonymous_1)
FNDA:0,(anonymous_2)
FNDA:0,(anonymous_3)
FNDA:0,(anonymous_4)
DA:1,5
DA:2,5
DA:4,5
DA:5,5
DA:7,5
DA:8,1
DA:9,1
DA:10,1
DA:12,1
DA:14,1
DA:16,1
DA:19,0
DA:20,0
DA:26,0
DA:30,5
DA:31,4
DA:32,4
DA:34,4
DA:36,4
DA:38,4
DA:39,0
DA:44,4
DA:46,4
DA:49,0
DA:50,0
DA:56,0
DA:60,5
DA:61,0
DA:62,0
DA:63,0
DA:64,0
DA:66,0
DA:67,0
DA:73,0
DA:75,0
DA:81,0
DA:86,5
DA:87,0
DA:88,0
DA:89,0
DA:90,0
DA:91,0
DA:92,0
DA:97,0
DA:103,0
DA:104,0
DA:110,0
DA:114,5
DA:115,0
DA:116,0
DA:117,0
DA:118,0
DA:119,0
DA:120,0
DA:125,0
DA:131,0
DA:132,0
DA:138,0
DA:142,5
LF:59
LH:23
BRDA:19,0,0,0
BRDA:19,0,1,0
BRDA:38,1,0,0
BRDA:38,1,1,4
BRDA:49,2,0,0
BRDA:49,2,1,0
BRDA:66,3,0,0
BRDA:66,3,1,0
BRDA:91,4,0,0
BRDA:91,4,1,0
BRDA:103,5,0,0
BRDA:103,5,1,0
BRDA:119,6,0,0
BRDA:119,6,1,0
BRDA:131,7,0,0
BRDA:131,7,1,0
BRF:16
BRH:1
end_of_record
TN:
SF:server/api/routes/company.js
FN:5,(anonymous_0)
FNF:1
FNH:1
FNDA:3,(anonymous_0)
DA:1,5
DA:2,5
DA:3,5
DA:5,5
DA:6,3
DA:7,3
DA:8,3
DA:9,3
DA:10,1
DA:14,2
DA:15,1
DA:19,1
DA:20,1
DA:25,1
DA:27,0
DA:33,0
DA:34,0
DA:39,0
DA:43,5
LF:19
LH:15
BRDA:9,0,0,1
BRDA:9,0,1,2
BRDA:14,1,0,1
BRDA:14,1,1,1
BRDA:19,2,0,1
BRDA:19,2,1,0
BRDA:33,3,0,0
BRDA:33,3,1,0
BRF:8
BRH:5
end_of_record
TN:
SF:server/api/routes/question.js
FN:7,(anonymous_0)
FNF:1
FNH:1
FNDA:2,(anonymous_0)
DA:1,5
DA:2,5
DA:3,5
DA:7,5
DA:8,2
DA:9,2
DA:10,2
DA:12,0
DA:41,5
LF:9
LH:8
BRF:0
BRH:0
end_of_record
TN:
SF:server/api/routes/user.js
FN:6,(anonymous_0)
FN:18,(anonymous_1)
FN:30,(anonymous_2)
FN:31,(anonymous_3)
FN:33,(anonymous_4)
FN:56,(anonymous_5)
FN:65,(anonymous_6)
FN:107,(anonymous_7)
FNF:8
FNH:4
FNDA:2,(anonymous_0)
FNDA:0,(anonymous_1)
FNDA:0,(anonymous_2)
FNDA:0,(anonymous_3)
FNDA:0,(anonymous_4)
FNDA:3,(anonymous_5)
FNDA:30,(anonymous_6)
FNDA:1,(anonymous_7)
DA:1,5
DA:2,5
DA:3,5
DA:4,5
DA:6,5
DA:7,2
DA:8,1
DA:9,1
DA:11,1
DA:18,5
DA:19,0
DA:20,0
DA:21,0
DA:26,0
DA:27,0
DA:28,0
DA:30,0
DA:31,0
DA:33,0
DA:34,0
DA:37,0
DA:44,0
DA:45,0
DA:51,0
DA:56,5
DA:57,3
DA:58,3
DA:59,3
DA:61,3
DA:63,3
DA:65,3
DA:66,30
DA:73,30
DA:74,6
DA:76,30
DA:79,3
DA:82,0
DA:89,0
DA:90,0
DA:96,0
DA:107,5
DA:108,1
DA:109,1
DA:110,1
DA:111,1
DA:112,1
DA:113,1
DA:114,0
DA:118,1
DA:121,1
DA:122,0
DA:124,1
DA:127,1
DA:129,1
DA:131,0
DA:138,0
DA:139,0
DA:145,0
DA:149,5
LF:59
LH:35
BRDA:7,0,0,1
BRDA:7,0,1,1
BRDA:7,1,0,2
BRDA:7,1,1,2
BRDA:20,2,0,0
BRDA:20,2,1,0
BRDA:20,3,0,0
BRDA:20,3,1,0
BRDA:27,4,0,0
BRDA:27,4,1,0
BRDA:44,5,0,0
BRDA:44,5,1,0
BRDA:58,6,0,3
BRDA:58,6,1,0
BRDA:58,7,0,3
BRDA:58,7,1,3
BRDA:73,8,0,6
BRDA:73,8,1,24
BRDA:73,9,0,30
BRDA:73,9,1,22
BRDA:89,10,0,0
BRDA:89,10,1,0
BRDA:109,11,0,1
BRDA:109,11,1,0
BRDA:109,12,0,1
BRDA:109,12,1,1
BRDA:113,13,0,0
BRDA:113,13,1,1
BRDA:121,14,0,0
BRDA:121,14,1,1
BRDA:138,15,0,0
BRDA:138,15,1,0
BRF:32
BRH:16
end_of_record
TN:
SF:server/data_access_layer/company.js
FN:4,getCompany
FN:19,getUserByCompanyCode
FNF:2
FNH:1
FNDA:0,getCompany
FNDA:3,getUserByCompanyCode
DA:1,5
DA:2,5
DA:5,0
DA:12,0
DA:16,0
DA:20,3
DA:25,3
DA:26,3
DA:29,5
LF:9
LH:6
BRDA:26,0,0,1
BRDA:26,0,1,2
BRF:2
BRH:2
end_of_record
TN:
SF:server/data_access_layer/helpers.js
FN:6,extractContentFromRecords
FN:7,(anonymous_1)
FN:16,getFieldsFromObject
FN:18,(anonymous_3)
FN:27,getAllFromTable
FN:29,(anonymous_5)
FN:38,clearFieldsInSingleRecord
FN:40,(anonymous_7)
FNF:8
FNH:6
FNDA:14,extractContentFromRecords
FNDA:58,(anonymous_1)
FNDA:0,getFieldsFromObject
FNDA:0,(anonymous_3)
FNDA:14,getAllFromTable
FNDA:14,(anonymous_5)
FNDA:3,clearFieldsInSingleRecord
FNDA:3,(anonymous_7)
DA:1,5
DA:7,58
DA:17,0
DA:18,0
DA:19,0
DA:21,0
DA:28,14
DA:29,14
DA:30,14
DA:32,14
DA:34,14
DA:39,3
DA:40,3
DA:41,3
DA:43,3
DA:44,3
DA:51,0
DA:52,0
DA:56,5
LF:19
LH:13
BRDA:19,0,0,0
BRDA:19,0,1,0
BRF:2
BRH:0
end_of_record
TN:
SF:server/data_access_layer/index.js
FNF:0
FNH:0
DA:1,5
DA:2,5
DA:7,5
DA:9,5
LF:4
LH:4
BRF:0
BRH:0
end_of_record
TN:
SF:server/data_access_layer/question.js
FN:5,getAllQuestions
FN:21,getQuestion
FNF:2
FNH:2
FNDA:5,getAllQuestions
FNDA:1,getQuestion
DA:1,5
DA:2,5
DA:6,5
DA:11,5
DA:14,5
DA:22,1
DA:27,1
DA:31,1
DA:34,5
LF:9
LH:9
BRF:0
BRH:0
end_of_record
TN:
SF:server/data_access_layer/user.js
FN:7,getUser
FN:17,getUserByEmail
FN:28,updateAnsweredQuestions
FN:41,updateEmailandPassword
FN:58,registerUser
FN:77,verifyLogin
FN:90,sendPasswordResetEmail
FN:113,(anonymous_7)
FN:130,verifyPasswordCode
FN:139,updateUserPassword
FNF:10
FNH:4
FNDA:0,getUser
FNDA:5,getUserByEmail
FNDA:1,updateAnsweredQuestions
FNDA:1,updateEmailandPassword
FNDA:0,registerUser
FNDA:4,verifyLogin
FNDA:0,sendPasswordResetEmail
FNDA:0,(anonymous_7)
FNDA:0,verifyPasswordCode
FNDA:0,updateUserPassword
DA:1,5
DA:2,5
DA:3,5
DA:4,5
DA:5,5
DA:8,0
DA:13,0
DA:14,0
DA:18,5
DA:24,5
DA:25,5
DA:29,1
DA:31,1
DA:37,1
DA:38,1
DA:42,1
DA:44,1
DA:52,1
DA:54,1
DA:55,1
DA:59,0
DA:61,0
DA:63,0
DA:70,0
DA:71,0
DA:78,4
DA:79,4
DA:80,0
DA:83,4
DA:84,4
DA:85,4
DA:87,0
DA:92,0
DA:95,0
DA:104,0
DA:113,0
DA:114,0
DA:115,0
DA:120,0
DA:121,0
DA:131,0
DA:132,0
DA:133,0
DA:134,0
DA:136,0
DA:140,0
DA:141,0
DA:142,0
DA:144,0
DA:146,0
DA:152,0
DA:153,0
DA:156,5
LF:53
LH:23
BRDA:14,0,0,0
BRDA:14,0,1,0
BRDA:25,1,0,0
BRDA:25,1,1,5
BRDA:79,2,0,0
BRDA:79,2,1,4
BRDA:84,3,0,4
BRDA:84,3,1,0
BRDA:114,4,0,0
BRDA:114,4,1,0
BRDA:133,5,0,0
BRDA:133,5,1,0
BRDA:141,6,0,0
BRDA:141,6,1,0
BRF:14
BRH:3
end_of_record
